<?xml version="1.0" encoding="UTF-8"?>
<!-- Generated by org.testng.reporters.JUnitXMLReporter -->
<testsuite ignored="3" hostname="TEXINWS014" failures="7" tests="8" name="Regression Suite" time="459.912" errors="0" timestamp="2025-11-21T17:07:35 IST">
  <testcase classname="com.solarsoft.facelift.tests.LoginTests" name="verifyInvalidLoginShowsError" time="1.028">
    <failure type="org.openqa.selenium.StaleElementReferenceException" message="stale element reference: stale element not found in the current frame
  (Session info: chrome=142.0.7444.163)
For documentation on this error, please visit: https://www.selenium.dev/documentation/webdriver/troubleshooting/errors#stale-element-reference-exception
Build info: version: &amp;apos;4.25.0&amp;apos;, revision: &amp;apos;8a8aea2337&amp;apos;
System info: os.name: &amp;apos;Windows 11&amp;apos;, os.arch: &amp;apos;amd64&amp;apos;, os.version: &amp;apos;10.0&amp;apos;, java.version: &amp;apos;11.0.17&amp;apos;
Driver info: org.openqa.selenium.chrome.ChromeDriver
Command: [26b301dd315d9ed9ec6ab36a5c7f7d64, isElementDisplayed {id=f.975EE10C23B74E8FB4B75AD31BADC14B.d.A3F4BC61212A0DB0857532B6F7DECCA1.e.25}]
Capabilities {acceptInsecureCerts: false, browserName: chrome, browserVersion: 142.0.7444.163, chrome: {chromedriverVersion: 142.0.7444.175 (302067f14a4..., userDataDir: C:\Users\ABikkad\AppData\Lo...}, fedcm:accounts: true, goog:chromeOptions: {debuggerAddress: localhost:51072}, goog:processID: 45636, networkConnectionEnabled: false, pageLoadStrategy: normal, platformName: windows, proxy: Proxy(), se:cdp: ws://localhost:51072/devtoo..., se:cdpVersion: 142.0.7444.163, setWindowRect: true, strictFileInteractability: false, timeouts: {implicit: 0, pageLoad: 300000, script: 30000}, unhandledPromptBehavior: dismiss and notify, webauthn:extension:credBlob: true, webauthn:extension:largeBlob: true, webauthn:extension:minPinLength: true, webauthn:extension:prf: true, webauthn:virtualAuthenticators: true}
Element: [[ChromeDriver: chrome on windows (26b301dd315d9ed9ec6ab36a5c7f7d64)] -&amp;gt; xpath: //button[@type=&amp;apos;submit&amp;apos; and (contains(.,&amp;apos;Sign In&amp;apos;) or contains(.,&amp;apos;Sign in&amp;apos;) or contains(.,&amp;apos;Login&amp;apos;))]]
Session ID: 26b301dd315d9ed9ec6ab36a5c7f7d64">
      <![CDATA[org.openqa.selenium.StaleElementReferenceException: stale element reference: stale element not found in the current frame
  (Session info: chrome=142.0.7444.163)
For documentation on this error, please visit: https://www.selenium.dev/documentation/webdriver/troubleshooting/errors#stale-element-reference-exception
Build info: version: '4.25.0', revision: '8a8aea2337'
System info: os.name: 'Windows 11', os.arch: 'amd64', os.version: '10.0', java.version: '11.0.17'
Driver info: org.openqa.selenium.chrome.ChromeDriver
Command: [26b301dd315d9ed9ec6ab36a5c7f7d64, isElementDisplayed {id=f.975EE10C23B74E8FB4B75AD31BADC14B.d.A3F4BC61212A0DB0857532B6F7DECCA1.e.25}]
Capabilities {acceptInsecureCerts: false, browserName: chrome, browserVersion: 142.0.7444.163, chrome: {chromedriverVersion: 142.0.7444.175 (302067f14a4..., userDataDir: C:\Users\ABikkad\AppData\Lo...}, fedcm:accounts: true, goog:chromeOptions: {debuggerAddress: localhost:51072}, goog:processID: 45636, networkConnectionEnabled: false, pageLoadStrategy: normal, platformName: windows, proxy: Proxy(), se:cdp: ws://localhost:51072/devtoo..., se:cdpVersion: 142.0.7444.163, setWindowRect: true, strictFileInteractability: false, timeouts: {implicit: 0, pageLoad: 300000, script: 30000}, unhandledPromptBehavior: dismiss and notify, webauthn:extension:credBlob: true, webauthn:extension:largeBlob: true, webauthn:extension:minPinLength: true, webauthn:extension:prf: true, webauthn:virtualAuthenticators: true}
Element: [[ChromeDriver: chrome on windows (26b301dd315d9ed9ec6ab36a5c7f7d64)] -> xpath: //button[@type='submit' and (contains(.,'Sign In') or contains(.,'Sign in') or contains(.,'Login'))]]
Session ID: 26b301dd315d9ed9ec6ab36a5c7f7d64
at org.openqa.selenium.remote.ErrorCodec.decode(ErrorCodec.java:167)
at org.openqa.selenium.remote.codec.w3c.W3CHttpResponseCodec.decode(W3CHttpResponseCodec.java:138)
at org.openqa.selenium.remote.codec.w3c.W3CHttpResponseCodec.decode(W3CHttpResponseCodec.java:50)
at org.openqa.selenium.remote.HttpCommandExecutor.execute(HttpCommandExecutor.java:190)
at org.openqa.selenium.remote.service.DriverCommandExecutor.invokeExecute(DriverCommandExecutor.java:216)
at org.openqa.selenium.remote.service.DriverCommandExecutor.execute(DriverCommandExecutor.java:174)
at org.openqa.selenium.remote.RemoteWebDriver.execute(RemoteWebDriver.java:545)
at org.openqa.selenium.remote.RemoteWebElement.execute(RemoteWebElement.java:223)
at org.openqa.selenium.remote.RemoteWebElement.isDisplayed(RemoteWebElement.java:282)
at org.openqa.selenium.support.pagefactory.internal.LocatingElementHandler.invoke(LocatingElementHandler.java:51)
at com.sun.proxy.$Proxy9.isDisplayed(Unknown Source)
at org.openqa.selenium.support.ui.ExpectedConditions.elementIfVisible(ExpectedConditions.java:304)
at org.openqa.selenium.support.ui.ExpectedConditions$10.apply(ExpectedConditions.java:290)
at org.openqa.selenium.support.ui.ExpectedConditions$10.apply(ExpectedConditions.java:287)
at org.openqa.selenium.support.ui.ExpectedConditions$23.apply(ExpectedConditions.java:656)
at org.openqa.selenium.support.ui.ExpectedConditions$23.apply(ExpectedConditions.java:652)
at org.openqa.selenium.support.ui.FluentWait.until(FluentWait.java:203)
at com.solarsoft.facelift.utils.WaitUtils.clickWhenClickable(WaitUtils.java:34)
at com.solarsoft.facelift.pages.LoginPage.clickSignIn(LoginPage.java:65)
at com.solarsoft.facelift.pages.LoginPage.login(LoginPage.java:72)
at com.solarsoft.facelift.tests.LoginTests.verifyInvalidLoginShowsError(LoginTests.java:36)
at java.base/java.util.ArrayList.forEach(ArrayList.java:1541)
... Removed 38 stack frames]]>
    </failure>
  </testcase> <!-- verifyInvalidLoginShowsError -->
  <testcase classname="com.solarsoft.facelift.tests.LoginTests" name="verifyRememberMeCheckboxCanBeSelected" time="18.899">
    <failure type="java.lang.AssertionError" message="Remember Me check action executed. expected [true] but found [false]">
      <![CDATA[java.lang.AssertionError: Remember Me check action executed. expected [true] but found [false]
at com.solarsoft.facelift.tests.LoginTests.verifyRememberMeCheckboxCanBeSelected(LoginTests.java:56)
at java.base/java.util.ArrayList.forEach(ArrayList.java:1541)
... Removed 34 stack frames]]>
    </failure>
  </testcase> <!-- verifyRememberMeCheckboxCanBeSelected -->
  <testcase classname="com.solarsoft.facelift.tests.DashboardCardTests" name="clickingCardNavigatesToFilteredList" time="1.687"/>
  <testcase classname="com.solarsoft.facelift.tests.ProposalListTests" name="openProposalByNumber" time="15.64">
    <failure type="java.lang.AssertionError" message="Proposal list page should be loaded expected [true] but found [false]">
      <![CDATA[java.lang.AssertionError: Proposal list page should be loaded expected [true] but found [false]
at com.solarsoft.facelift.tests.ProposalListTests.openProposalByNumber(ProposalListTests.java:32)
at java.base/java.util.ArrayList.forEach(ArrayList.java:1541)
... Removed 34 stack frames]]>
    </failure>
  </testcase> <!-- openProposalByNumber -->
  <testcase classname="com.solarsoft.facelift.tests.ProposalListTests" name="openProposalListFromDashboard" time="18.026">
    <failure type="java.lang.AssertionError" message="Proposal list page should be loaded expected [true] but found [false]">
      <![CDATA[java.lang.AssertionError: Proposal list page should be loaded expected [true] but found [false]
at com.solarsoft.facelift.tests.ProposalListTests.openProposalListFromDashboard(ProposalListTests.java:23)
at java.base/java.util.ArrayList.forEach(ArrayList.java:1541)
... Removed 34 stack frames]]>
    </failure>
  </testcase> <!-- openProposalListFromDashboard -->
  <testcase classname="com.solarsoft.facelift.tests.ActionMenuTests" name="ellipsisMenuHasSendDocumentsAction" time="15.624">
    <failure type="java.lang.AssertionError" message="Proposal list page should be loaded expected [true] but found [false]">
      <![CDATA[java.lang.AssertionError: Proposal list page should be loaded expected [true] but found [false]
at com.solarsoft.facelift.tests.ActionMenuTests.ellipsisMenuHasSendDocumentsAction(ActionMenuTests.java:26)
at java.base/java.util.ArrayList.forEach(ArrayList.java:1541)
... Removed 34 stack frames]]>
    </failure>
  </testcase> <!-- ellipsisMenuHasSendDocumentsAction -->
  <testcase classname="com.solarsoft.facelift.tests.ActionMenuTests" name="openEllipsisMenuForProposalAndSelectView" time="15.62">
    <failure type="java.lang.AssertionError" message="Proposal list page should be loaded expected [true] but found [false]">
      <![CDATA[java.lang.AssertionError: Proposal list page should be loaded expected [true] but found [false]
at com.solarsoft.facelift.tests.ActionMenuTests.openEllipsisMenuForProposalAndSelectView(ActionMenuTests.java:12)
at java.base/java.util.ArrayList.forEach(ArrayList.java:1541)
... Removed 34 stack frames]]>
    </failure>
  </testcase> <!-- openEllipsisMenuForProposalAndSelectView -->
  <testcase classname="com.solarsoft.facelift.tests.GlobalSearchTests" name="globalSearchFindsProposalAndOpens" time="8.178">
    <failure type="java.lang.AssertionError" message="Global search should allow opening the proposal expected [true] but found [false]">
      <![CDATA[java.lang.AssertionError: Global search should allow opening the proposal expected [true] but found [false]
at com.solarsoft.facelift.tests.GlobalSearchTests.globalSearchFindsProposalAndOpens(GlobalSearchTests.java:25)
at java.base/java.util.ArrayList.forEach(ArrayList.java:1541)
... Removed 34 stack frames]]>
    </failure>
  </testcase> <!-- globalSearchFindsProposalAndOpens -->
  <testcase classname="com.solarsoft.facelift.tests.DashboardCardTests" name="verifyDashboardCardsShowNumbers" time="0.0">
    <ignored/>
  </testcase> <!-- verifyDashboardCardsShowNumbers -->
  <testcase classname="com.solarsoft.facelift.tests.LoginTests" name="verifyValidLogin" time="0.0">
    <ignored/>
  </testcase> <!-- verifyValidLogin -->
  <testcase classname="com.solarsoft.facelift.tests.GlobalSearchTests" name="globalSearchSuggestsResults" time="0.0">
    <ignored/>
  </testcase> <!-- globalSearchSuggestsResults -->
</testsuite> <!-- Regression Suite -->
