<?xml version="1.0" encoding="UTF-8"?>
<!-- Generated by org.testng.reporters.JUnitXMLReporter -->
<testsuite ignored="4" hostname="TEXINWS014" failures="1" tests="3" name="Smoke Suite" time="163.675" errors="0" timestamp="2025-11-21T16:59:55 IST">
  <testcase classname="com.solarsoft.facelift.tests.LoginTests" name="verifyValidLogin" time="16.248">
    <failure type="org.openqa.selenium.TimeoutException" message="Expected condition failed: waiting for element to be clickable: Proxy element for: DefaultElementLocator &amp;apos;By.xpath: //button[@type=&amp;apos;submit&amp;apos; and (contains(.,&amp;apos;Sign In&amp;apos;) or contains(.,&amp;apos;Sign in&amp;apos;) or contains(.,&amp;apos;Login&amp;apos;))]&amp;apos; (tried for 8 second(s) with 500 milliseconds interval)">
      <![CDATA[org.openqa.selenium.TimeoutException: Expected condition failed: waiting for element to be clickable: Proxy element for: DefaultElementLocator 'By.xpath: //button[@type='submit' and (contains(.,'Sign In') or contains(.,'Sign in') or contains(.,'Login'))]' (tried for 8 second(s) with 500 milliseconds interval)
at org.openqa.selenium.support.ui.WebDriverWait.timeoutException(WebDriverWait.java:84)
at org.openqa.selenium.support.ui.FluentWait.until(FluentWait.java:228)
at com.solarsoft.facelift.utils.WaitUtils.clickWhenClickable(WaitUtils.java:34)
at com.solarsoft.facelift.pages.LoginPage.clickSignIn(LoginPage.java:65)
at com.solarsoft.facelift.pages.LoginPage.login(LoginPage.java:72)
at com.solarsoft.facelift.pages.LoginPage.loginWithValidUser(LoginPage.java:79)
at com.solarsoft.facelift.tests.LoginTests.verifyValidLogin(LoginTests.java:19)
at java.base/java.util.ArrayList.forEach(ArrayList.java:1541)
Caused by: org.openqa.selenium.NoSuchElementException: no such element: Unable to locate element: {"method":"xpath","selector":"//button[@type='submit' and (contains(.,'Sign In') or contains(.,'Sign in') or contains(.,'Login'))]"}
  (Session info: chrome=142.0.7444.163)
For documentation on this error, please visit: https://www.selenium.dev/documentation/webdriver/troubleshooting/errors#no-such-element-exception
Build info: version: '4.25.0', revision: '8a8aea2337'
System info: os.name: 'Windows 11', os.arch: 'amd64', os.version: '10.0', java.version: '11.0.17'
Driver info: org.openqa.selenium.chrome.ChromeDriver
Command: [ca30215544a681e50e7f2cc485a1b538, findElement {using=xpath, value=//button[@type='submit' and (contains(.,'Sign In') or contains(.,'Sign in') or contains(.,'Login'))]}]
Capabilities {acceptInsecureCerts: false, browserName: chrome, browserVersion: 142.0.7444.163, chrome: {chromedriverVersion: 142.0.7444.175 (302067f14a4..., userDataDir: C:\Users\ABikkad\AppData\Lo...}, fedcm:accounts: true, goog:chromeOptions: {debuggerAddress: localhost:64600}, goog:processID: 10344, networkConnectionEnabled: false, pageLoadStrategy: normal, platformName: windows, proxy: Proxy(), se:cdp: ws://localhost:64600/devtoo..., se:cdpVersion: 142.0.7444.163, setWindowRect: true, strictFileInteractability: false, timeouts: {implicit: 0, pageLoad: 300000, script: 30000}, unhandledPromptBehavior: dismiss and notify, webauthn:extension:credBlob: true, webauthn:extension:largeBlob: true, webauthn:extension:minPinLength: true, webauthn:extension:prf: true, webauthn:virtualAuthenticators: true}
Session ID: ca30215544a681e50e7f2cc485a1b538
at org.openqa.selenium.remote.ErrorCodec.decode(ErrorCodec.java:167)
at org.openqa.selenium.remote.codec.w3c.W3CHttpResponseCodec.decode(W3CHttpResponseCodec.java:138)
at org.openqa.selenium.remote.codec.w3c.W3CHttpResponseCodec.decode(W3CHttpResponseCodec.java:50)
at org.openqa.selenium.remote.HttpCommandExecutor.execute(HttpCommandExecutor.java:190)
at org.openqa.selenium.remote.service.DriverCommandExecutor.invokeExecute(DriverCommandExecutor.java:216)
at org.openqa.selenium.remote.service.DriverCommandExecutor.execute(DriverCommandExecutor.java:174)
at org.openqa.selenium.remote.RemoteWebDriver.execute(RemoteWebDriver.java:545)
at org.openqa.selenium.remote.ElementLocation$ElementFinder$2.findElement(ElementLocation.java:165)
at org.openqa.selenium.remote.ElementLocation.findElement(ElementLocation.java:59)
at org.openqa.selenium.remote.RemoteWebDriver.findElement(RemoteWebDriver.java:368)
at org.openqa.selenium.remote.RemoteWebDriver.findElement(RemoteWebDriver.java:362)
at org.openqa.selenium.support.pagefactory.DefaultElementLocator.findElement(DefaultElementLocator.java:68)
at org.openqa.selenium.support.pagefactory.internal.LocatingElementHandler.invoke(LocatingElementHandler.java:38)
at com.sun.proxy.$Proxy9.isDisplayed(Unknown Source)
at org.openqa.selenium.support.ui.ExpectedConditions.elementIfVisible(ExpectedConditions.java:304)
at org.openqa.selenium.support.ui.ExpectedConditions$10.apply(ExpectedConditions.java:290)
at org.openqa.selenium.support.ui.ExpectedConditions$10.apply(ExpectedConditions.java:287)
at org.openqa.selenium.support.ui.ExpectedConditions$23.apply(ExpectedConditions.java:656)
at org.openqa.selenium.support.ui.ExpectedConditions$23.apply(ExpectedConditions.java:652)
at org.openqa.selenium.support.ui.FluentWait.until(FluentWait.java:203)
... 37 more
... Removed 35 stack frames]]>
    </failure>
  </testcase> <!-- verifyValidLogin -->
  <testcase classname="com.solarsoft.facelift.tests.DashboardCardTests" name="verifyDashboardCardsShowNumbers" time="1.257"/>
  <testcase classname="com.solarsoft.facelift.tests.GlobalSearchTests" name="globalSearchSuggestsResults" time="2.516"/>
  <testcase classname="com.solarsoft.facelift.tests.DashboardCardTests" name="clickingCardNavigatesToFilteredList" time="0.0">
    <ignored/>
  </testcase> <!-- clickingCardNavigatesToFilteredList -->
  <testcase classname="com.solarsoft.facelift.tests.LoginTests" name="verifyRememberMeCheckboxCanBeSelected" time="0.0">
    <ignored/>
  </testcase> <!-- verifyRememberMeCheckboxCanBeSelected -->
  <testcase classname="com.solarsoft.facelift.tests.LoginTests" name="verifyInvalidLoginShowsError" time="0.0">
    <ignored/>
  </testcase> <!-- verifyInvalidLoginShowsError -->
  <testcase classname="com.solarsoft.facelift.tests.GlobalSearchTests" name="globalSearchFindsProposalAndOpens" time="0.0">
    <ignored/>
  </testcase> <!-- globalSearchFindsProposalAndOpens -->
</testsuite> <!-- Smoke Suite -->
