<!DOCTYPE html>

<html>
  <head>
  <meta charset='utf-8'>
  <title>TestNG reports</title>

    <link type="text/css" href="testng-reports1.css" rel="stylesheet" id="ultra" />
    <link type="text/css" href="testng-reports.css" rel="stylesheet" id="retro" disabled="false"/>
    <script type="text/javascript" src="jquery-3.6.0.min.js"></script>
    <script type="text/javascript" src="testng-reports.js"></script>
    <script type="text/javascript" src="https://www.google.com/jsapi"></script>
    <script type='text/javascript'>
      google.load('visualization', '1', {packages:['table']});
      google.setOnLoadCallback(drawTable);
      var suiteTableInitFunctions = new Array();
      var suiteTableData = new Array();
    </script>
    <!--
      <script type="text/javascript" src="jquery-ui/js/jquery-ui-1.8.16.custom.min.js"></script>
     -->
  </head>

  <body>    <div class="top-banner-root">
      <span class="top-banner-title-font">Test results</span>
      <button id="button" class="button">Switch Retro Theme</button> <!-- button -->
      <br/>
      <span class="top-banner-font-1">1 suite, 8 failed tests</span>
    </div> <!-- top-banner-root -->
    <div class="navigator-root">
      <div class="navigator-suite-header">
        <span>All suites</span>
        <a href="#" title="Collapse/expand all the suites" class="collapse-all-link">
          <img src="collapseall.gif" class="collapse-all-icon">
          </img> <!-- collapse-all-icon -->
        </a> <!-- collapse-all-link -->
      </div> <!-- navigator-suite-header -->
      <div class="suite">
        <div class="rounded-window">
          <div class="suite-header light-rounded-window-top">
            <a href="#" panel-name="suite-Facelift_Full_Suite" class="navigator-link">
              <span class="suite-name border-failed">Facelift Full Suite</span>
            </a> <!-- navigator-link -->
          </div> <!-- suite-header light-rounded-window-top -->
          <div class="navigator-suite-content">
            <div class="suite-section-title">
              <span>Info</span>
            </div> <!-- suite-section-title -->
            <div class="suite-section-content">
              <ul>
                <li>
                  <a href="#" panel-name="test-xml-Facelift_Full_Suite" class="navigator-link ">
                    <span>D:\MyProject\facelift_full_automation\src\test\resources\testng.xml</span>
                  </a> <!-- navigator-link  -->
                </li>
                <li>
                  <a href="#" panel-name="testlist-Facelift_Full_Suite" class="navigator-link ">
                    <span class="test-stats">2 tests</span>
                  </a> <!-- navigator-link  -->
                </li>
                <li>
                  <a href="#" panel-name="group-Facelift_Full_Suite" class="navigator-link ">
                    <span>2 groups</span>
                  </a> <!-- navigator-link  -->
                </li>
                <li>
                  <a href="#" panel-name="times-Facelift_Full_Suite" class="navigator-link ">
                    <span>Times</span>
                  </a> <!-- navigator-link  -->
                </li>
                <li>
                  <a href="#" panel-name="reporter-Facelift_Full_Suite" class="navigator-link ">
                    <span>Reporter output</span>
                  </a> <!-- navigator-link  -->
                </li>
                <li>
                  <a href="#" panel-name="ignored-methods-Facelift_Full_Suite" class="navigator-link ">
                    <span>Ignored methods</span>
                  </a> <!-- navigator-link  -->
                </li>
                <li>
                  <a href="#" panel-name="chronological-Facelift_Full_Suite" class="navigator-link ">
                    <span>Chronological view</span>
                  </a> <!-- navigator-link  -->
                </li>
              </ul>
            </div> <!-- suite-section-content -->
            <div class="result-section">
              <div class="suite-section-title">
                <span>Results</span>
              </div> <!-- suite-section-title -->
              <div class="suite-section-content">
                <ul>
                  <li>
                    <span class="method-stats">11 methods, 8 failed,   3 passed</span>
                  </li>
                  <li>
                    <span class="method-list-title failed">Failed methods</span>
                    <span class="show-or-hide-methods failed">
                      <a href="#" panel-name="suite-Facelift_Full_Suite" class="hide-methods failed suite-Facelift_Full_Suite"> (hide)</a> <!-- hide-methods failed suite-Facelift_Full_Suite -->
                      <a href="#" panel-name="suite-Facelift_Full_Suite" class="show-methods failed suite-Facelift_Full_Suite"> (show)</a> <!-- show-methods failed suite-Facelift_Full_Suite -->
                    </span>
                    <div class="method-list-content failed suite-Facelift_Full_Suite">
                      <span>
                        <img src="failed.png" width="3%"/>
                        <a href="#" panel-name="suite-Facelift_Full_Suite" title="com.solarsoft.facelift.tests.ActionMenuTests" class="method navigator-link" hash-for-method="ellipsisMenuHasSendDocumentsAction">ellipsisMenuHasSendDocumentsAction</a> <!-- method navigator-link -->
                      </span>
                      <br/>
                      <span>
                        <img src="failed.png" width="3%"/>
                        <a href="#" panel-name="suite-Facelift_Full_Suite" title="com.solarsoft.facelift.tests.GlobalSearchTests" class="method navigator-link" hash-for-method="globalSearchFindsProposalAndOpens">globalSearchFindsProposalAndOpens</a> <!-- method navigator-link -->
                      </span>
                      <br/>
                      <span>
                        <img src="failed.png" width="3%"/>
                        <a href="#" panel-name="suite-Facelift_Full_Suite" title="com.solarsoft.facelift.tests.ActionMenuTests" class="method navigator-link" hash-for-method="openEllipsisMenuForProposalAndSelectView">openEllipsisMenuForProposalAndSelectView</a> <!-- method navigator-link -->
                      </span>
                      <br/>
                      <span>
                        <img src="failed.png" width="3%"/>
                        <a href="#" panel-name="suite-Facelift_Full_Suite" title="com.solarsoft.facelift.tests.ProposalListTests" class="method navigator-link" hash-for-method="openProposalByNumber">openProposalByNumber</a> <!-- method navigator-link -->
                      </span>
                      <br/>
                      <span>
                        <img src="failed.png" width="3%"/>
                        <a href="#" panel-name="suite-Facelift_Full_Suite" title="com.solarsoft.facelift.tests.ProposalListTests" class="method navigator-link" hash-for-method="openProposalListFromDashboard">openProposalListFromDashboard</a> <!-- method navigator-link -->
                      </span>
                      <br/>
                      <span>
                        <img src="failed.png" width="3%"/>
                        <a href="#" panel-name="suite-Facelift_Full_Suite" title="com.solarsoft.facelift.tests.LoginTests" class="method navigator-link" hash-for-method="verifyInvalidLoginShowsError">verifyInvalidLoginShowsError</a> <!-- method navigator-link -->
                      </span>
                      <br/>
                      <span>
                        <img src="failed.png" width="3%"/>
                        <a href="#" panel-name="suite-Facelift_Full_Suite" title="com.solarsoft.facelift.tests.LoginTests" class="method navigator-link" hash-for-method="verifyRememberMeCheckboxCanBeSelected">verifyRememberMeCheckboxCanBeSelected</a> <!-- method navigator-link -->
                      </span>
                      <br/>
                      <span>
                        <img src="failed.png" width="3%"/>
                        <a href="#" panel-name="suite-Facelift_Full_Suite" title="com.solarsoft.facelift.tests.LoginTests" class="method navigator-link" hash-for-method="verifyValidLogin">verifyValidLogin</a> <!-- method navigator-link -->
                      </span>
                      <br/>
                    </div> <!-- method-list-content failed suite-Facelift_Full_Suite -->
                  </li>
                  <li>
                    <span class="method-list-title passed">Passed methods</span>
                    <span class="show-or-hide-methods passed">
                      <a href="#" panel-name="suite-Facelift_Full_Suite" class="hide-methods passed suite-Facelift_Full_Suite"> (hide)</a> <!-- hide-methods passed suite-Facelift_Full_Suite -->
                      <a href="#" panel-name="suite-Facelift_Full_Suite" class="show-methods passed suite-Facelift_Full_Suite"> (show)</a> <!-- show-methods passed suite-Facelift_Full_Suite -->
                    </span>
                    <div class="method-list-content passed suite-Facelift_Full_Suite">
                      <span>
                        <img src="passed.png" width="3%"/>
                        <a href="#" panel-name="suite-Facelift_Full_Suite" title="com.solarsoft.facelift.tests.DashboardCardTests" class="method navigator-link" hash-for-method="clickingCardNavigatesToFilteredList">clickingCardNavigatesToFilteredList</a> <!-- method navigator-link -->
                      </span>
                      <br/>
                      <span>
                        <img src="passed.png" width="3%"/>
                        <a href="#" panel-name="suite-Facelift_Full_Suite" title="com.solarsoft.facelift.tests.GlobalSearchTests" class="method navigator-link" hash-for-method="globalSearchSuggestsResults">globalSearchSuggestsResults</a> <!-- method navigator-link -->
                      </span>
                      <br/>
                      <span>
                        <img src="passed.png" width="3%"/>
                        <a href="#" panel-name="suite-Facelift_Full_Suite" title="com.solarsoft.facelift.tests.DashboardCardTests" class="method navigator-link" hash-for-method="verifyDashboardCardsShowNumbers">verifyDashboardCardsShowNumbers</a> <!-- method navigator-link -->
                      </span>
                      <br/>
                    </div> <!-- method-list-content passed suite-Facelift_Full_Suite -->
                  </li>
                </ul>
              </div> <!-- suite-section-content -->
            </div> <!-- result-section -->
          </div> <!-- navigator-suite-content -->
        </div> <!-- rounded-window -->
      </div> <!-- suite -->
    </div> <!-- navigator-root -->
    <div class="wrapper">
      <div class="main-panel-root">
        <div panel-name="suite-Facelift_Full_Suite" class="panel Facelift_Full_Suite">
          <div class="suite-Facelift_Full_Suite-class-failed">
            <div class="main-panel-header rounded-window-top">
              <img src="failed.png"/>
              <span class="class-name">com.solarsoft.facelift.tests.ProposalListTests</span>
            </div> <!-- main-panel-header rounded-window-top -->
            <div class="main-panel-content rounded-window-bottom">
              <div class="method">
                <div class="method-content">
                  <a name="openProposalByNumber">
                  </a> <!-- openProposalByNumber -->
                  <span class="method-name">openProposalByNumber</span>
                  <div class="stack-trace">java.lang.AssertionError: Proposal list page should be loaded expected [true] but found [false]
	at com.solarsoft.facelift.tests.ProposalListTests.openProposalByNumber(ProposalListTests.java:32)
	at java.base/java.util.ArrayList.forEach(ArrayList.java:1541)
... Removed 34 stack frames
</div> <!-- stack-trace -->
                </div> <!-- method-content -->
              </div> <!-- method -->
              <div class="method">
                <div class="method-content">
                  <a name="openProposalListFromDashboard">
                  </a> <!-- openProposalListFromDashboard -->
                  <span class="method-name">openProposalListFromDashboard</span>
                  <div class="stack-trace">java.lang.AssertionError: Proposal list page should be loaded expected [true] but found [false]
	at com.solarsoft.facelift.tests.ProposalListTests.openProposalListFromDashboard(ProposalListTests.java:23)
	at java.base/java.util.ArrayList.forEach(ArrayList.java:1541)
... Removed 34 stack frames
</div> <!-- stack-trace -->
                </div> <!-- method-content -->
              </div> <!-- method -->
            </div> <!-- main-panel-content rounded-window-bottom -->
          </div> <!-- suite-Facelift_Full_Suite-class-failed -->
          <div class="suite-Facelift_Full_Suite-class-failed">
            <div class="main-panel-header rounded-window-top">
              <img src="failed.png"/>
              <span class="class-name">com.solarsoft.facelift.tests.ActionMenuTests</span>
            </div> <!-- main-panel-header rounded-window-top -->
            <div class="main-panel-content rounded-window-bottom">
              <div class="method">
                <div class="method-content">
                  <a name="ellipsisMenuHasSendDocumentsAction">
                  </a> <!-- ellipsisMenuHasSendDocumentsAction -->
                  <span class="method-name">ellipsisMenuHasSendDocumentsAction</span>
                  <div class="stack-trace">java.lang.AssertionError: Proposal list page should be loaded expected [true] but found [false]
	at com.solarsoft.facelift.tests.ActionMenuTests.ellipsisMenuHasSendDocumentsAction(ActionMenuTests.java:26)
	at java.base/java.util.ArrayList.forEach(ArrayList.java:1541)
... Removed 34 stack frames
</div> <!-- stack-trace -->
                </div> <!-- method-content -->
              </div> <!-- method -->
              <div class="method">
                <div class="method-content">
                  <a name="openEllipsisMenuForProposalAndSelectView">
                  </a> <!-- openEllipsisMenuForProposalAndSelectView -->
                  <span class="method-name">openEllipsisMenuForProposalAndSelectView</span>
                  <div class="stack-trace">java.lang.AssertionError: Proposal list page should be loaded expected [true] but found [false]
	at com.solarsoft.facelift.tests.ActionMenuTests.openEllipsisMenuForProposalAndSelectView(ActionMenuTests.java:12)
	at java.base/java.util.ArrayList.forEach(ArrayList.java:1541)
... Removed 34 stack frames
</div> <!-- stack-trace -->
                </div> <!-- method-content -->
              </div> <!-- method -->
            </div> <!-- main-panel-content rounded-window-bottom -->
          </div> <!-- suite-Facelift_Full_Suite-class-failed -->
          <div class="suite-Facelift_Full_Suite-class-failed">
            <div class="main-panel-header rounded-window-top">
              <img src="failed.png"/>
              <span class="class-name">com.solarsoft.facelift.tests.GlobalSearchTests</span>
            </div> <!-- main-panel-header rounded-window-top -->
            <div class="main-panel-content rounded-window-bottom">
              <div class="method">
                <div class="method-content">
                  <a name="globalSearchFindsProposalAndOpens">
                  </a> <!-- globalSearchFindsProposalAndOpens -->
                  <span class="method-name">globalSearchFindsProposalAndOpens</span>
                  <div class="stack-trace">java.lang.AssertionError: Global search should allow opening the proposal expected [true] but found [false]
	at com.solarsoft.facelift.tests.GlobalSearchTests.globalSearchFindsProposalAndOpens(GlobalSearchTests.java:25)
	at java.base/java.util.ArrayList.forEach(ArrayList.java:1541)
... Removed 34 stack frames
</div> <!-- stack-trace -->
                </div> <!-- method-content -->
              </div> <!-- method -->
            </div> <!-- main-panel-content rounded-window-bottom -->
          </div> <!-- suite-Facelift_Full_Suite-class-failed -->
          <div class="suite-Facelift_Full_Suite-class-failed">
            <div class="main-panel-header rounded-window-top">
              <img src="failed.png"/>
              <span class="class-name">com.solarsoft.facelift.tests.LoginTests</span>
            </div> <!-- main-panel-header rounded-window-top -->
            <div class="main-panel-content rounded-window-bottom">
              <div class="method">
                <div class="method-content">
                  <a name="verifyInvalidLoginShowsError">
                  </a> <!-- verifyInvalidLoginShowsError -->
                  <span class="method-name">verifyInvalidLoginShowsError</span>
                  <div class="stack-trace">org.openqa.selenium.StaleElementReferenceException: stale element reference: stale element not found in the current frame
  (Session info: chrome=142.0.7444.163)
For documentation on this error, please visit: https://www.selenium.dev/documentation/webdriver/troubleshooting/errors#stale-element-reference-exception
Build info: version: &apos;4.25.0&apos;, revision: &apos;8a8aea2337&apos;
System info: os.name: &apos;Windows 11&apos;, os.arch: &apos;amd64&apos;, os.version: &apos;10.0&apos;, java.version: &apos;11.0.17&apos;
Driver info: org.openqa.selenium.chrome.ChromeDriver
Command: [26b301dd315d9ed9ec6ab36a5c7f7d64, isElementDisplayed {id=f.975EE10C23B74E8FB4B75AD31BADC14B.d.A3F4BC61212A0DB0857532B6F7DECCA1.e.25}]
Capabilities {acceptInsecureCerts: false, browserName: chrome, browserVersion: 142.0.7444.163, chrome: {chromedriverVersion: 142.0.7444.175 (302067f14a4..., userDataDir: C:\Users\ABikkad\AppData\Lo...}, fedcm:accounts: true, goog:chromeOptions: {debuggerAddress: localhost:51072}, goog:processID: 45636, networkConnectionEnabled: false, pageLoadStrategy: normal, platformName: windows, proxy: Proxy(), se:cdp: ws://localhost:51072/devtoo..., se:cdpVersion: 142.0.7444.163, setWindowRect: true, strictFileInteractability: false, timeouts: {implicit: 0, pageLoad: 300000, script: 30000}, unhandledPromptBehavior: dismiss and notify, webauthn:extension:credBlob: true, webauthn:extension:largeBlob: true, webauthn:extension:minPinLength: true, webauthn:extension:prf: true, webauthn:virtualAuthenticators: true}
Element: [[ChromeDriver: chrome on windows (26b301dd315d9ed9ec6ab36a5c7f7d64)] -&gt; xpath: //button[@type=&apos;submit&apos; and (contains(.,&apos;Sign In&apos;) or contains(.,&apos;Sign in&apos;) or contains(.,&apos;Login&apos;))]]
Session ID: 26b301dd315d9ed9ec6ab36a5c7f7d64
	at org.openqa.selenium.remote.ErrorCodec.decode(ErrorCodec.java:167)
	at org.openqa.selenium.remote.codec.w3c.W3CHttpResponseCodec.decode(W3CHttpResponseCodec.java:138)
	at org.openqa.selenium.remote.codec.w3c.W3CHttpResponseCodec.decode(W3CHttpResponseCodec.java:50)
	at org.openqa.selenium.remote.HttpCommandExecutor.execute(HttpCommandExecutor.java:190)
	at org.openqa.selenium.remote.service.DriverCommandExecutor.invokeExecute(DriverCommandExecutor.java:216)
	at org.openqa.selenium.remote.service.DriverCommandExecutor.execute(DriverCommandExecutor.java:174)
	at org.openqa.selenium.remote.RemoteWebDriver.execute(RemoteWebDriver.java:545)
	at org.openqa.selenium.remote.RemoteWebElement.execute(RemoteWebElement.java:223)
	at org.openqa.selenium.remote.RemoteWebElement.isDisplayed(RemoteWebElement.java:282)
	at org.openqa.selenium.support.pagefactory.internal.LocatingElementHandler.invoke(LocatingElementHandler.java:51)
	at com.sun.proxy.$Proxy9.isDisplayed(Unknown Source)
	at org.openqa.selenium.support.ui.ExpectedConditions.elementIfVisible(ExpectedConditions.java:304)
	at org.openqa.selenium.support.ui.ExpectedConditions$10.apply(ExpectedConditions.java:290)
	at org.openqa.selenium.support.ui.ExpectedConditions$10.apply(ExpectedConditions.java:287)
	at org.openqa.selenium.support.ui.ExpectedConditions$23.apply(ExpectedConditions.java:656)
	at org.openqa.selenium.support.ui.ExpectedConditions$23.apply(ExpectedConditions.java:652)
	at org.openqa.selenium.support.ui.FluentWait.until(FluentWait.java:203)
	at com.solarsoft.facelift.utils.WaitUtils.clickWhenClickable(WaitUtils.java:34)
	at com.solarsoft.facelift.pages.LoginPage.clickSignIn(LoginPage.java:65)
	at com.solarsoft.facelift.pages.LoginPage.login(LoginPage.java:72)
	at com.solarsoft.facelift.tests.LoginTests.verifyInvalidLoginShowsError(LoginTests.java:36)
	at java.base/java.util.ArrayList.forEach(ArrayList.java:1541)
... Removed 38 stack frames
</div> <!-- stack-trace -->
                </div> <!-- method-content -->
              </div> <!-- method -->
              <div class="method">
                <div class="method-content">
                  <a name="verifyRememberMeCheckboxCanBeSelected">
                  </a> <!-- verifyRememberMeCheckboxCanBeSelected -->
                  <span class="method-name">verifyRememberMeCheckboxCanBeSelected</span>
                  <div class="stack-trace">java.lang.AssertionError: Remember Me check action executed. expected [true] but found [false]
	at com.solarsoft.facelift.tests.LoginTests.verifyRememberMeCheckboxCanBeSelected(LoginTests.java:56)
	at java.base/java.util.ArrayList.forEach(ArrayList.java:1541)
... Removed 34 stack frames
</div> <!-- stack-trace -->
                </div> <!-- method-content -->
              </div> <!-- method -->
              <div class="method">
                <div class="method-content">
                  <a name="verifyValidLogin">
                  </a> <!-- verifyValidLogin -->
                  <span class="method-name">verifyValidLogin</span>
                  <div class="stack-trace">org.openqa.selenium.TimeoutException: Expected condition failed: waiting for element to be clickable: Proxy element for: DefaultElementLocator &apos;By.xpath: //button[@type=&apos;submit&apos; and (contains(.,&apos;Sign In&apos;) or contains(.,&apos;Sign in&apos;) or contains(.,&apos;Login&apos;))]&apos; (tried for 8 second(s) with 500 milliseconds interval)
	at org.openqa.selenium.support.ui.WebDriverWait.timeoutException(WebDriverWait.java:84)
	at org.openqa.selenium.support.ui.FluentWait.until(FluentWait.java:228)
	at com.solarsoft.facelift.utils.WaitUtils.clickWhenClickable(WaitUtils.java:34)
	at com.solarsoft.facelift.pages.LoginPage.clickSignIn(LoginPage.java:65)
	at com.solarsoft.facelift.pages.LoginPage.login(LoginPage.java:72)
	at com.solarsoft.facelift.pages.LoginPage.loginWithValidUser(LoginPage.java:79)
	at com.solarsoft.facelift.tests.LoginTests.verifyValidLogin(LoginTests.java:19)
	at java.base/java.util.ArrayList.forEach(ArrayList.java:1541)
Caused by: org.openqa.selenium.NoSuchElementException: no such element: Unable to locate element: {&quot;method&quot;:&quot;xpath&quot;,&quot;selector&quot;:&quot;//button[@type=&apos;submit&apos; and (contains(.,&apos;Sign In&apos;) or contains(.,&apos;Sign in&apos;) or contains(.,&apos;Login&apos;))]&quot;}
  (Session info: chrome=142.0.7444.163)
For documentation on this error, please visit: https://www.selenium.dev/documentation/webdriver/troubleshooting/errors#no-such-element-exception
Build info: version: &apos;4.25.0&apos;, revision: &apos;8a8aea2337&apos;
System info: os.name: &apos;Windows 11&apos;, os.arch: &apos;amd64&apos;, os.version: &apos;10.0&apos;, java.version: &apos;11.0.17&apos;
Driver info: org.openqa.selenium.chrome.ChromeDriver
Command: [ca30215544a681e50e7f2cc485a1b538, findElement {using=xpath, value=//button[@type=&apos;submit&apos; and (contains(.,&apos;Sign In&apos;) or contains(.,&apos;Sign in&apos;) or contains(.,&apos;Login&apos;))]}]
Capabilities {acceptInsecureCerts: false, browserName: chrome, browserVersion: 142.0.7444.163, chrome: {chromedriverVersion: 142.0.7444.175 (302067f14a4..., userDataDir: C:\Users\ABikkad\AppData\Lo...}, fedcm:accounts: true, goog:chromeOptions: {debuggerAddress: localhost:64600}, goog:processID: 10344, networkConnectionEnabled: false, pageLoadStrategy: normal, platformName: windows, proxy: Proxy(), se:cdp: ws://localhost:64600/devtoo..., se:cdpVersion: 142.0.7444.163, setWindowRect: true, strictFileInteractability: false, timeouts: {implicit: 0, pageLoad: 300000, script: 30000}, unhandledPromptBehavior: dismiss and notify, webauthn:extension:credBlob: true, webauthn:extension:largeBlob: true, webauthn:extension:minPinLength: true, webauthn:extension:prf: true, webauthn:virtualAuthenticators: true}
Session ID: ca30215544a681e50e7f2cc485a1b538
	at org.openqa.selenium.remote.ErrorCodec.decode(ErrorCodec.java:167)
	at org.openqa.selenium.remote.codec.w3c.W3CHttpResponseCodec.decode(W3CHttpResponseCodec.java:138)
	at org.openqa.selenium.remote.codec.w3c.W3CHttpResponseCodec.decode(W3CHttpResponseCodec.java:50)
	at org.openqa.selenium.remote.HttpCommandExecutor.execute(HttpCommandExecutor.java:190)
	at org.openqa.selenium.remote.service.DriverCommandExecutor.invokeExecute(DriverCommandExecutor.java:216)
	at org.openqa.selenium.remote.service.DriverCommandExecutor.execute(DriverCommandExecutor.java:174)
	at org.openqa.selenium.remote.RemoteWebDriver.execute(RemoteWebDriver.java:545)
	at org.openqa.selenium.remote.ElementLocation$ElementFinder$2.findElement(ElementLocation.java:165)
	at org.openqa.selenium.remote.ElementLocation.findElement(ElementLocation.java:59)
	at org.openqa.selenium.remote.RemoteWebDriver.findElement(RemoteWebDriver.java:368)
	at org.openqa.selenium.remote.RemoteWebDriver.findElement(RemoteWebDriver.java:362)
	at org.openqa.selenium.support.pagefactory.DefaultElementLocator.findElement(DefaultElementLocator.java:68)
	at org.openqa.selenium.support.pagefactory.internal.LocatingElementHandler.invoke(LocatingElementHandler.java:38)
	at com.sun.proxy.$Proxy9.isDisplayed(Unknown Source)
	at org.openqa.selenium.support.ui.ExpectedConditions.elementIfVisible(ExpectedConditions.java:304)
	at org.openqa.selenium.support.ui.ExpectedConditions$10.apply(ExpectedConditions.java:290)
	at org.openqa.selenium.support.ui.ExpectedConditions$10.apply(ExpectedConditions.java:287)
	at org.openqa.selenium.support.ui.ExpectedConditions$23.apply(ExpectedConditions.java:656)
	at org.openqa.selenium.support.ui.ExpectedConditions$23.apply(ExpectedConditions.java:652)
	at org.openqa.selenium.support.ui.FluentWait.until(FluentWait.java:203)
	... 37 more
... Removed 35 stack frames
</div> <!-- stack-trace -->
                </div> <!-- method-content -->
              </div> <!-- method -->
            </div> <!-- main-panel-content rounded-window-bottom -->
          </div> <!-- suite-Facelift_Full_Suite-class-failed -->
          <div class="suite-Facelift_Full_Suite-class-passed">
            <div class="main-panel-header rounded-window-top">
              <img src="passed.png"/>
              <span class="class-name">com.solarsoft.facelift.tests.DashboardCardTests</span>
            </div> <!-- main-panel-header rounded-window-top -->
            <div class="main-panel-content rounded-window-bottom">
              <div class="method">
                <div class="method-content">
                  <a name="clickingCardNavigatesToFilteredList">
                  </a> <!-- clickingCardNavigatesToFilteredList -->
                  <span class="method-name">clickingCardNavigatesToFilteredList</span>
                </div> <!-- method-content -->
              </div> <!-- method -->
              <div class="method">
                <div class="method-content">
                  <a name="verifyDashboardCardsShowNumbers">
                  </a> <!-- verifyDashboardCardsShowNumbers -->
                  <span class="method-name">verifyDashboardCardsShowNumbers</span>
                </div> <!-- method-content -->
              </div> <!-- method -->
            </div> <!-- main-panel-content rounded-window-bottom -->
          </div> <!-- suite-Facelift_Full_Suite-class-passed -->
          <div class="suite-Facelift_Full_Suite-class-passed">
            <div class="main-panel-header rounded-window-top">
              <img src="passed.png"/>
              <span class="class-name">com.solarsoft.facelift.tests.GlobalSearchTests</span>
            </div> <!-- main-panel-header rounded-window-top -->
            <div class="main-panel-content rounded-window-bottom">
              <div class="method">
                <div class="method-content">
                  <a name="globalSearchSuggestsResults">
                  </a> <!-- globalSearchSuggestsResults -->
                  <span class="method-name">globalSearchSuggestsResults</span>
                </div> <!-- method-content -->
              </div> <!-- method -->
            </div> <!-- main-panel-content rounded-window-bottom -->
          </div> <!-- suite-Facelift_Full_Suite-class-passed -->
        </div> <!-- panel Facelift_Full_Suite -->
        <div panel-name="test-xml-Facelift_Full_Suite" class="panel">
          <div class="main-panel-header rounded-window-top">
            <span class="header-content">D:\MyProject\facelift_full_automation\src\test\resources\testng.xml</span>
          </div> <!-- main-panel-header rounded-window-top -->
          <div class="main-panel-content rounded-window-bottom">
            <pre>
&lt;?xml version=&quot;1.0&quot; encoding=&quot;UTF-8&quot;?&gt;
&lt;!DOCTYPE suite SYSTEM &quot;https://testng.org/testng-1.0.dtd&quot;&gt;
&lt;suite name=&quot;Facelift Full Suite&quot; guice-stage=&quot;DEVELOPMENT&quot; verbose=&quot;0&quot;&gt;
  &lt;test thread-count=&quot;5&quot; name=&quot;Smoke Suite&quot; verbose=&quot;0&quot;&gt;
    &lt;groups&gt;
      &lt;run&gt;
        &lt;include name=&quot;Smoke&quot;/&gt;
      &lt;/run&gt;
    &lt;/groups&gt;
    &lt;classes&gt;
      &lt;class name=&quot;com.solarsoft.facelift.tests.LoginTests&quot;/&gt;
      &lt;class name=&quot;com.solarsoft.facelift.tests.DashboardCardTests&quot;/&gt;
      &lt;class name=&quot;com.solarsoft.facelift.tests.GlobalSearchTests&quot;/&gt;
    &lt;/classes&gt;
  &lt;/test&gt; &lt;!-- Smoke Suite --&gt;
  &lt;test thread-count=&quot;5&quot; name=&quot;Regression Suite&quot; verbose=&quot;0&quot;&gt;
    &lt;groups&gt;
      &lt;run&gt;
        &lt;include name=&quot;Regression&quot;/&gt;
      &lt;/run&gt;
    &lt;/groups&gt;
    &lt;classes&gt;
      &lt;class name=&quot;com.solarsoft.facelift.tests.LoginTests&quot;/&gt;
      &lt;class name=&quot;com.solarsoft.facelift.tests.DashboardCardTests&quot;/&gt;
      &lt;class name=&quot;com.solarsoft.facelift.tests.ProposalListTests&quot;/&gt;
      &lt;class name=&quot;com.solarsoft.facelift.tests.ActionMenuTests&quot;/&gt;
      &lt;class name=&quot;com.solarsoft.facelift.tests.GlobalSearchTests&quot;/&gt;
    &lt;/classes&gt;
  &lt;/test&gt; &lt;!-- Regression Suite --&gt;
&lt;/suite&gt; &lt;!-- Facelift Full Suite --&gt;
            </pre>
          </div> <!-- main-panel-content rounded-window-bottom -->
        </div> <!-- panel -->
        <div panel-name="testlist-Facelift_Full_Suite" class="panel">
          <div class="main-panel-header rounded-window-top">
            <span class="header-content">Tests for Facelift Full Suite</span>
          </div> <!-- main-panel-header rounded-window-top -->
          <div class="main-panel-content rounded-window-bottom">
            <ul>
              <li>
                <span class="test-name">Smoke Suite (3 classes)</span>
              </li>
              <li>
                <span class="test-name">Regression Suite (5 classes)</span>
              </li>
            </ul>
          </div> <!-- main-panel-content rounded-window-bottom -->
        </div> <!-- panel -->
        <div panel-name="group-Facelift_Full_Suite" class="panel">
          <div class="main-panel-header rounded-window-top">
            <span class="header-content">Groups for Facelift Full Suite</span>
          </div> <!-- main-panel-header rounded-window-top -->
          <div class="main-panel-content rounded-window-bottom">
            <div class="test-group">
              <span class="test-group-name">Regression</span>
              <br/>
              <div class="method-in-group">
                <span class="method-in-group-name">clickingCardNavigatesToFilteredList</span>
                <br/>
              </div> <!-- method-in-group -->
              <div class="method-in-group">
                <span class="method-in-group-name">ellipsisMenuHasSendDocumentsAction</span>
                <br/>
              </div> <!-- method-in-group -->
              <div class="method-in-group">
                <span class="method-in-group-name">globalSearchFindsProposalAndOpens</span>
                <br/>
              </div> <!-- method-in-group -->
              <div class="method-in-group">
                <span class="method-in-group-name">openEllipsisMenuForProposalAndSelectView</span>
                <br/>
              </div> <!-- method-in-group -->
              <div class="method-in-group">
                <span class="method-in-group-name">openProposalByNumber</span>
                <br/>
              </div> <!-- method-in-group -->
              <div class="method-in-group">
                <span class="method-in-group-name">openProposalListFromDashboard</span>
                <br/>
              </div> <!-- method-in-group -->
              <div class="method-in-group">
                <span class="method-in-group-name">verifyInvalidLoginShowsError</span>
                <br/>
              </div> <!-- method-in-group -->
              <div class="method-in-group">
                <span class="method-in-group-name">verifyRememberMeCheckboxCanBeSelected</span>
                <br/>
              </div> <!-- method-in-group -->
            </div> <!-- test-group -->
            <div class="test-group">
              <span class="test-group-name">Smoke</span>
              <br/>
              <div class="method-in-group">
                <span class="method-in-group-name">globalSearchSuggestsResults</span>
                <br/>
              </div> <!-- method-in-group -->
              <div class="method-in-group">
                <span class="method-in-group-name">verifyDashboardCardsShowNumbers</span>
                <br/>
              </div> <!-- method-in-group -->
              <div class="method-in-group">
                <span class="method-in-group-name">verifyValidLogin</span>
                <br/>
              </div> <!-- method-in-group -->
            </div> <!-- test-group -->
          </div> <!-- main-panel-content rounded-window-bottom -->
        </div> <!-- panel -->
        <div panel-name="times-Facelift_Full_Suite" class="panel">
          <div class="main-panel-header rounded-window-top">
            <span class="header-content">Times for Facelift Full Suite</span>
          </div> <!-- main-panel-header rounded-window-top -->
          <div class="main-panel-content rounded-window-bottom">
            <div class="times-div">
              <script type="text/javascript">
suiteTableInitFunctions.push('tableData_Facelift_Full_Suite');
function tableData_Facelift_Full_Suite() {
var data = new google.visualization.DataTable();
data.addColumn('number', 'Number');
data.addColumn('string', 'Method');
data.addColumn('string', 'Class');
data.addColumn('number', 'Time (ms)');
data.addRows(11);
data.setCell(0, 0, 0)
data.setCell(0, 1, 'verifyRememberMeCheckboxCanBeSelected')
data.setCell(0, 2, 'com.solarsoft.facelift.tests.LoginTests')
data.setCell(0, 3, 18899);
data.setCell(1, 0, 1)
data.setCell(1, 1, 'openProposalListFromDashboard')
data.setCell(1, 2, 'com.solarsoft.facelift.tests.ProposalListTests')
data.setCell(1, 3, 18026);
data.setCell(2, 0, 2)
data.setCell(2, 1, 'verifyValidLogin')
data.setCell(2, 2, 'com.solarsoft.facelift.tests.LoginTests')
data.setCell(2, 3, 16248);
data.setCell(3, 0, 3)
data.setCell(3, 1, 'openProposalByNumber')
data.setCell(3, 2, 'com.solarsoft.facelift.tests.ProposalListTests')
data.setCell(3, 3, 15640);
data.setCell(4, 0, 4)
data.setCell(4, 1, 'ellipsisMenuHasSendDocumentsAction')
data.setCell(4, 2, 'com.solarsoft.facelift.tests.ActionMenuTests')
data.setCell(4, 3, 15624);
data.setCell(5, 0, 5)
data.setCell(5, 1, 'openEllipsisMenuForProposalAndSelectView')
data.setCell(5, 2, 'com.solarsoft.facelift.tests.ActionMenuTests')
data.setCell(5, 3, 15620);
data.setCell(6, 0, 6)
data.setCell(6, 1, 'globalSearchFindsProposalAndOpens')
data.setCell(6, 2, 'com.solarsoft.facelift.tests.GlobalSearchTests')
data.setCell(6, 3, 8178);
data.setCell(7, 0, 7)
data.setCell(7, 1, 'globalSearchSuggestsResults')
data.setCell(7, 2, 'com.solarsoft.facelift.tests.GlobalSearchTests')
data.setCell(7, 3, 2516);
data.setCell(8, 0, 8)
data.setCell(8, 1, 'clickingCardNavigatesToFilteredList')
data.setCell(8, 2, 'com.solarsoft.facelift.tests.DashboardCardTests')
data.setCell(8, 3, 1687);
data.setCell(9, 0, 9)
data.setCell(9, 1, 'verifyDashboardCardsShowNumbers')
data.setCell(9, 2, 'com.solarsoft.facelift.tests.DashboardCardTests')
data.setCell(9, 3, 1257);
data.setCell(10, 0, 10)
data.setCell(10, 1, 'verifyInvalidLoginShowsError')
data.setCell(10, 2, 'com.solarsoft.facelift.tests.LoginTests')
data.setCell(10, 3, 1028);
window.suiteTableData['Facelift_Full_Suite']= { tableData: data, tableDiv: 'times-div-Facelift_Full_Suite'}
return data;
}
              </script>
              <span class="suite-total-time">Total running time: 1 minutes</span>
              <div id="times-div-Facelift_Full_Suite">
              </div> <!-- times-div-Facelift_Full_Suite -->
            </div> <!-- times-div -->
          </div> <!-- main-panel-content rounded-window-bottom -->
        </div> <!-- panel -->
        <div panel-name="reporter-Facelift_Full_Suite" class="panel">
          <div class="main-panel-header rounded-window-top">
            <span class="header-content">Reporter output for Facelift Full Suite</span>
          </div> <!-- main-panel-header rounded-window-top -->
          <div class="main-panel-content rounded-window-bottom">
          </div> <!-- main-panel-content rounded-window-bottom -->
        </div> <!-- panel -->
        <div panel-name="ignored-methods-Facelift_Full_Suite" class="panel">
          <div class="main-panel-header rounded-window-top">
            <span class="header-content">7 ignored methods</span>
          </div> <!-- main-panel-header rounded-window-top -->
          <div class="main-panel-content rounded-window-bottom">
            <div class="ignored-class-div">
              <span class="ignored-class-name">com.solarsoft.facelift.tests.DashboardCardTests</span>
              <div class="ignored-methods-div">
                <span class="ignored-method-name">clickingCardNavigatesToFilteredList</span>
                <br/>
                <span class="ignored-method-name">verifyDashboardCardsShowNumbers</span>
                <br/>
              </div> <!-- ignored-methods-div -->
            </div> <!-- ignored-class-div -->
            <div class="ignored-class-div">
              <span class="ignored-class-name">com.solarsoft.facelift.tests.GlobalSearchTests</span>
              <div class="ignored-methods-div">
                <span class="ignored-method-name">globalSearchSuggestsResults</span>
                <br/>
                <span class="ignored-method-name">globalSearchFindsProposalAndOpens</span>
                <br/>
              </div> <!-- ignored-methods-div -->
            </div> <!-- ignored-class-div -->
            <div class="ignored-class-div">
              <span class="ignored-class-name">com.solarsoft.facelift.tests.LoginTests</span>
              <div class="ignored-methods-div">
                <span class="ignored-method-name">verifyRememberMeCheckboxCanBeSelected</span>
                <br/>
                <span class="ignored-method-name">verifyInvalidLoginShowsError</span>
                <br/>
                <span class="ignored-method-name">verifyValidLogin</span>
                <br/>
              </div> <!-- ignored-methods-div -->
            </div> <!-- ignored-class-div -->
          </div> <!-- main-panel-content rounded-window-bottom -->
        </div> <!-- panel -->
        <div panel-name="chronological-Facelift_Full_Suite" class="panel">
          <div class="main-panel-header rounded-window-top">
            <span class="header-content">Methods in chronological order</span>
          </div> <!-- main-panel-header rounded-window-top -->
          <div class="main-panel-content rounded-window-bottom">
            <div class="chronological-class">
              <div class="chronological-class-name">com.solarsoft.facelift.tests.LoginTests</div> <!-- chronological-class-name -->
              <div class="configuration-method before">
                <span class="method-name">setUp</span>
                <span class="method-start">0 ms</span>
              </div> <!-- configuration-method before -->
              <div class="test-method">
                <img src="failed.png">
                </img>
                <span class="method-name">verifyValidLogin</span>
                <span class="method-start">9921 ms</span>
              </div> <!-- test-method -->
              <div class="configuration-method after">
                <span class="method-name">tearDown</span>
                <span class="method-start">26187 ms</span>
              </div> <!-- configuration-method after -->
            </div> <!-- chronological-class -->
            <div class="chronological-class">
              <div class="chronological-class-name">com.solarsoft.facelift.tests.DashboardCardTests</div> <!-- chronological-class-name -->
              <div class="configuration-method before">
                <span class="method-name">setUp</span>
                <span class="method-start">64160 ms</span>
              </div> <!-- configuration-method before -->
              <div class="test-method">
                <span class="method-name">verifyDashboardCardsShowNumbers</span>
                <span class="method-start">71926 ms</span>
              </div> <!-- test-method -->
              <div class="configuration-method after">
                <span class="method-name">tearDown</span>
                <span class="method-start">73186 ms</span>
              </div> <!-- configuration-method after -->
            </div> <!-- chronological-class -->
            <div class="chronological-class">
              <div class="chronological-class-name">com.solarsoft.facelift.tests.GlobalSearchTests</div> <!-- chronological-class-name -->
              <div class="configuration-method before">
                <span class="method-name">setUp</span>
                <span class="method-start">112447 ms</span>
              </div> <!-- configuration-method before -->
              <div class="test-method">
                <span class="method-name">globalSearchSuggestsResults</span>
                <span class="method-start">120038 ms</span>
              </div> <!-- test-method -->
              <div class="configuration-method after">
                <span class="method-name">tearDown</span>
                <span class="method-start">122557 ms</span>
              </div> <!-- configuration-method after -->
            </div> <!-- chronological-class -->
            <div class="chronological-class">
              <div class="chronological-class-name">com.solarsoft.facelift.tests.LoginTests</div> <!-- chronological-class-name -->
              <div class="configuration-method before">
                <span class="method-name">setUp</span>
                <span class="method-start">163650 ms</span>
              </div> <!-- configuration-method before -->
              <div class="test-method">
                <img src="failed.png">
                </img>
                <span class="method-name">verifyInvalidLoginShowsError</span>
                <span class="method-start">171523 ms</span>
              </div> <!-- test-method -->
              <div class="configuration-method after">
                <span class="method-name">tearDown</span>
                <span class="method-start">172561 ms</span>
              </div> <!-- configuration-method after -->
              <div class="configuration-method before">
                <span class="method-name">setUp</span>
                <span class="method-start">209972 ms</span>
              </div> <!-- configuration-method before -->
              <div class="test-method">
                <img src="failed.png">
                </img>
                <span class="method-name">verifyRememberMeCheckboxCanBeSelected</span>
                <span class="method-start">218208 ms</span>
              </div> <!-- test-method -->
              <div class="configuration-method after">
                <span class="method-name">tearDown</span>
                <span class="method-start">237109 ms</span>
              </div> <!-- configuration-method after -->
            </div> <!-- chronological-class -->
            <div class="chronological-class">
              <div class="chronological-class-name">com.solarsoft.facelift.tests.DashboardCardTests</div> <!-- chronological-class-name -->
              <div class="configuration-method before">
                <span class="method-name">setUp</span>
                <span class="method-start">268140 ms</span>
              </div> <!-- configuration-method before -->
              <div class="test-method">
                <span class="method-name">clickingCardNavigatesToFilteredList</span>
                <span class="method-start">275682 ms</span>
              </div> <!-- test-method -->
              <div class="configuration-method after">
                <span class="method-name">tearDown</span>
                <span class="method-start">277371 ms</span>
              </div> <!-- configuration-method after -->
            </div> <!-- chronological-class -->
            <div class="chronological-class">
              <div class="chronological-class-name">com.solarsoft.facelift.tests.ProposalListTests</div> <!-- chronological-class-name -->
              <div class="configuration-method before">
                <span class="method-name">setUp</span>
                <span class="method-start">314065 ms</span>
              </div> <!-- configuration-method before -->
              <div class="test-method">
                <img src="failed.png">
                </img>
                <span class="method-name">openProposalByNumber</span>
                <span class="method-start">321731 ms</span>
              </div> <!-- test-method -->
              <div class="configuration-method after">
                <span class="method-name">tearDown</span>
                <span class="method-start">337373 ms</span>
              </div> <!-- configuration-method after -->
              <div class="configuration-method before">
                <span class="method-name">setUp</span>
                <span class="method-start">375830 ms</span>
              </div> <!-- configuration-method before -->
              <div class="test-method">
                <img src="failed.png">
                </img>
                <span class="method-name">openProposalListFromDashboard</span>
                <span class="method-start">383789 ms</span>
              </div> <!-- test-method -->
              <div class="configuration-method after">
                <span class="method-name">tearDown</span>
                <span class="method-start">401818 ms</span>
              </div> <!-- configuration-method after -->
            </div> <!-- chronological-class -->
            <div class="chronological-class">
              <div class="chronological-class-name">com.solarsoft.facelift.tests.ActionMenuTests</div> <!-- chronological-class-name -->
              <div class="configuration-method before">
                <span class="method-name">setUp</span>
                <span class="method-start">440000 ms</span>
              </div> <!-- configuration-method before -->
              <div class="test-method">
                <img src="failed.png">
                </img>
                <span class="method-name">ellipsisMenuHasSendDocumentsAction</span>
                <span class="method-start">447941 ms</span>
              </div> <!-- test-method -->
              <div class="configuration-method after">
                <span class="method-name">tearDown</span>
                <span class="method-start">463568 ms</span>
              </div> <!-- configuration-method after -->
              <div class="configuration-method before">
                <span class="method-name">setUp</span>
                <span class="method-start">504623 ms</span>
              </div> <!-- configuration-method before -->
              <div class="test-method">
                <img src="failed.png">
                </img>
                <span class="method-name">openEllipsisMenuForProposalAndSelectView</span>
                <span class="method-start">512673 ms</span>
              </div> <!-- test-method -->
              <div class="configuration-method after">
                <span class="method-name">tearDown</span>
                <span class="method-start">528296 ms</span>
              </div> <!-- configuration-method after -->
            </div> <!-- chronological-class -->
            <div class="chronological-class">
              <div class="chronological-class-name">com.solarsoft.facelift.tests.GlobalSearchTests</div> <!-- chronological-class-name -->
              <div class="configuration-method before">
                <span class="method-name">setUp</span>
                <span class="method-start">566827 ms</span>
              </div> <!-- configuration-method before -->
              <div class="test-method">
                <img src="failed.png">
                </img>
                <span class="method-name">globalSearchFindsProposalAndOpens</span>
                <span class="method-start">574277 ms</span>
              </div> <!-- test-method -->
              <div class="configuration-method after">
                <span class="method-name">tearDown</span>
                <span class="method-start">582457 ms</span>
              </div> <!-- configuration-method after -->
          </div> <!-- main-panel-content rounded-window-bottom -->
        </div> <!-- panel -->
      </div> <!-- main-panel-root -->
    </div> <!-- wrapper -->
  </body>
<script type="text/javascript" src="testng-reports2.js"></script>
</html>
